#
# There is insufficient memory for the Java Runtime Environment to continue.
# Native memory allocation (malloc) failed to allocate 195376 bytes for Chunk::new
# Possible reasons:
#   The system is out of physical RAM or swap space
#   The process is running with CompressedOops enabled, and the Java Heap may be blocking the growth of the native heap
# Possible solutions:
#   Reduce memory load on the system
#   Increase physical memory or swap space
#   Check if swap backing store is full
#   Decrease Java heap size (-Xmx/-Xms)
#   Decrease number of Java threads
#   Decrease Java thread stack sizes (-Xss)
#   Set larger code cache with -XX:ReservedCodeCacheSize=
#   JVM is running with Unscaled Compressed Oops mode in which the Java heap is
#     placed in the first 4GB address space. The Java Heap base address is the
#     maximum limit for the native heap growth. Please use -XX:HeapBaseMinAddress
#     to set the Java Heap base and to place the Java Heap above 4GB virtual address.
# This output file may be truncated or incomplete.
#
#  Out of Memory Error (./src/hotspot/share/memory/arena.cpp:197), pid=8740, tid=20836
#
# JRE version: OpenJDK Runtime Environment AdoptOpenJDK-11.0.11+9 (11.0.11+9) (build 11.0.11+9)
# Java VM: OpenJDK 64-Bit Server VM AdoptOpenJDK-11.0.11+9 (11.0.11+9, mixed mode, tiered, compressed oops, parallel gc, windows-amd64)
# No core dump will be written. Minidumps are not enabled by default on client versions of Windows
#

---------------  S U M M A R Y ------------

Command Line: --add-modules=ALL-SYSTEM --add-opens=java.base/java.util=ALL-UNNAMED --add-opens=java.base/java.lang=ALL-UNNAMED -Declipse.application=org.eclipse.jdt.ls.core.id1 -Dosgi.bundles.defaultStartLevel=4 -Declipse.product=org.eclipse.jdt.ls.core.product -Dfile.encoding=utf8 -DwatchParentProcess=false -XX:+UseParallelGC -XX:GCTimeRatio=4 -XX:AdaptiveSizePolicyWeight=90 -Dsun.zip.disableMemoryMapping=true -Xmx1G -Xms100m -Xverify:none c:\Users\benja\.vscode\extensions\redhat.java-1.0.0\server\plugins\org.eclipse.equinox.launcher_1.6.400.v20210924-0641.jar -configuration c:\Users\benja\AppData\Roaming\Code\User\globalStorage\redhat.java\1.0.0\config_win -data c:\Users\benja\AppData\Roaming\Code\User\workspaceStorage\a922f280596f08dd4bf80c3017f3ddde\redhat.java\jdt_ws

Host: Intel(R) Core(TM) i7-7700HQ CPU @ 2.80GHz, 8 cores, 7G,  Windows 10 , 64 bit Build 19041 (10.0.19041.1202)
Time: Fri Nov  5 13:54:41 2021 Central Daylight Time elapsed time: 23.078343 seconds (0d 0h 0m 23s)

---------------  T H R E A D  ---------------

Current thread (0x000001b352b7c800):  JavaThread "C2 CompilerThread0" daemon [_thread_in_native, id=20836, stack(0x00000043d9100000,0x00000043d9200000)]


Current CompileTask:
C2:  23078 2400       4       java.io.DataInputStream::readInt (72 bytes)

Stack: [0x00000043d9100000,0x00000043d9200000]
Native frames: (J=compiled Java code, j=interpreted, Vv=VM code, C=native code)
V  [jvm.dll+0x5f7e5a]
V  [jvm.dll+0x77ff2e]
V  [jvm.dll+0x7815ff]
V  [jvm.dll+0x781cc3]
V  [jvm.dll+0x247408]
V  [jvm.dll+0xbe69c]
V  [jvm.dll+0xbed9c]
V  [jvm.dll+0x34cb02]
V  [jvm.dll+0x31a653]
V  [jvm.dll+0x31998a]
V  [jvm.dll+0x200d85]
V  [jvm.dll+0x1fff6f]
V  [jvm.dll+0x184f1c]
V  [jvm.dll+0x20f3e7]
V  [jvm.dll+0x20d5cb]
V  [jvm.dll+0x7442f9]
V  [jvm.dll+0x73d364]
V  [jvm.dll+0x5f6cd6]
C  [ucrtbase.dll+0x21bb2]
C  [KERNEL32.DLL+0x17034]
C  [ntdll.dll+0x52651]


---------------  P R O C E S S  ---------------

Threads class SMR info:
_java_thread_list=0x000001b353d28a80, length=18, elements={
0x000001b338a74000, 0x000001b352b61800, 0x000001b352b62800, 0x000001b353c14800,
0x000001b352b78000, 0x000001b352b79800, 0x000001b352b7c800, 0x000001b353c66800,
0x000001b353c67800, 0x000001b353d68800, 0x000001b354fc9000, 0x000001b354e6e800,
0x000001b355142800, 0x000001b3558ee000, 0x000001b3559eb800, 0x000001b355352800,
0x000001b35591e800, 0x000001b353cf7000
}

Java Threads: ( => current thread )
  0x000001b338a74000 JavaThread "main" [_thread_blocked, id=18412, stack(0x00000043d8900000,0x00000043d8a00000)]
  0x000001b352b61800 JavaThread "Reference Handler" daemon [_thread_blocked, id=19708, stack(0x00000043d8c00000,0x00000043d8d00000)]
  0x000001b352b62800 JavaThread "Finalizer" daemon [_thread_blocked, id=8436, stack(0x00000043d8d00000,0x00000043d8e00000)]
  0x000001b353c14800 JavaThread "Signal Dispatcher" daemon [_thread_blocked, id=12616, stack(0x00000043d8e00000,0x00000043d8f00000)]
  0x000001b352b78000 JavaThread "Attach Listener" daemon [_thread_blocked, id=3300, stack(0x00000043d8f00000,0x00000043d9000000)]
  0x000001b352b79800 JavaThread "Service Thread" daemon [_thread_blocked, id=16644, stack(0x00000043d9000000,0x00000043d9100000)]
=>0x000001b352b7c800 JavaThread "C2 CompilerThread0" daemon [_thread_in_native, id=20836, stack(0x00000043d9100000,0x00000043d9200000)]
  0x000001b353c66800 JavaThread "C1 CompilerThread0" daemon [_thread_in_native, id=15184, stack(0x00000043d9200000,0x00000043d9300000)]
  0x000001b353c67800 JavaThread "Sweeper thread" daemon [_thread_blocked, id=21132, stack(0x00000043d9300000,0x00000043d9400000)]
  0x000001b353d68800 JavaThread "Common-Cleaner" daemon [_thread_blocked, id=19544, stack(0x00000043d9400000,0x00000043d9500000)]
  0x000001b354fc9000 JavaThread "Active Thread: Equinox Container: e6af13d3-042e-48b9-8594-b7b3fc3f6c6a" [_thread_blocked, id=11628, stack(0x00000043d9700000,0x00000043d9800000)]
  0x000001b354e6e800 JavaThread "Framework Event Dispatcher: Equinox Container: e6af13d3-042e-48b9-8594-b7b3fc3f6c6a" daemon [_thread_blocked, id=9596, stack(0x00000043d9800000,0x00000043d9900000)]
  0x000001b355142800 JavaThread "Start Level: Equinox Container: e6af13d3-042e-48b9-8594-b7b3fc3f6c6a" daemon [_thread_in_vm, id=4776, stack(0x00000043d9c00000,0x00000043d9d00000)]
  0x000001b3558ee000 JavaThread "SCR Component Actor" daemon [_thread_blocked, id=16624, stack(0x00000043d9d00000,0x00000043d9e00000)]
  0x000001b3559eb800 JavaThread "Timer-1" daemon [_thread_blocked, id=18752, stack(0x00000043d9e00000,0x00000043d9f00000)]
  0x000001b355352800 JavaThread "Worker-JM" [_thread_blocked, id=19716, stack(0x00000043d9f00000,0x00000043da000000)]
  0x000001b35591e800 JavaThread "Worker-0" [_thread_blocked, id=588, stack(0x00000043da200000,0x00000043da300000)]
  0x000001b353cf7000 JavaThread "Worker-1" [_thread_blocked, id=6480, stack(0x00000043da300000,0x00000043da400000)]

Other Threads:
  0x000001b338b41000 VMThread "VM Thread" [stack: 0x00000043d8b00000,0x00000043d8c00000] [id=9136]
  0x000001b353e47800 WatcherThread [stack: 0x00000043d9500000,0x00000043d9600000] [id=18936]
  0x000001b338a8c800 GCTaskThread "ParGC Thread#0" [stack: 0x00000043d8a00000,0x00000043d8b00000] [id=19184]
  0x000001b354e70000 GCTaskThread "ParGC Thread#1" [stack: 0x00000043d9900000,0x00000043d9a00000] [id=18500]
  0x000001b354e70800 GCTaskThread "ParGC Thread#2" [stack: 0x00000043d9a00000,0x00000043d9b00000] [id=12872]
  0x000001b354f05000 GCTaskThread "ParGC Thread#3" [stack: 0x00000043d9b00000,0x00000043d9c00000] [id=15684]
  0x000001b355362000 GCTaskThread "ParGC Thread#4" [stack: 0x00000043da000000,0x00000043da100000] [id=19956]
  0x000001b355a4c800 GCTaskThread "ParGC Thread#5" [stack: 0x00000043da100000,0x00000043da200000] [id=20052]

Threads with active compile tasks:
C2 CompilerThread0  23131 2400       4       java.io.DataInputStream::readInt (72 bytes)
C1 CompilerThread0  23131 2408   !   3       org.eclipse.osgi.container.Module::start (655 bytes)

VM state:not at safepoint (normal execution)

VM Mutex/Monitor currently owned by a thread: None

Heap address: 0x00000000c0000000, size: 1024 MB, Compressed Oops mode: 32-bit
Narrow klass base: 0x0000000000000000, Narrow klass shift: 3
Compressed class space size: 1073741824 Address: 0x0000000100000000

Heap:
 PSYoungGen      total 29696K, used 17999K [0x00000000eab00000, 0x00000000ecc00000, 0x0000000100000000)
  eden space 25600K, 70% used [0x00000000eab00000,0x00000000ebc93f10,0x00000000ec400000)
  from space 4096K, 0% used [0x00000000ec800000,0x00000000ec800000,0x00000000ecc00000)
  to   space 4096K, 0% used [0x00000000ec400000,0x00000000ec400000,0x00000000ec800000)
 ParOldGen       total 68608K, used 9475K [0x00000000c0000000, 0x00000000c4300000, 0x00000000eab00000)
  object space 68608K, 13% used [0x00000000c0000000,0x00000000c0940f70,0x00000000c4300000)
 Metaspace       used 24244K, capacity 25458K, committed 25472K, reserved 1075200K
  class space    used 2195K, capacity 2678K, committed 2688K, reserved 1048576K

Card table byte_map: [0x000001b338460000,0x000001b338670000] _byte_map_base: 0x000001b337e60000

Marking Bits: (ParMarkBitMap*) 0x00007ffaef23d340
 Begin Bits: [0x000001b350180000, 0x000001b351180000)
 End Bits:   [0x000001b351180000, 0x000001b352180000)

Polling page: 0x000001b338250000

Metaspace:

Usage:
  Non-class:     22.25 MB capacity,    21.53 MB ( 97%) used,   683.88 KB (  3%) free+waste,    47.31 KB ( <1%) overhead. 
      Class:      2.62 MB capacity,     2.14 MB ( 82%) used,   459.97 KB ( 17%) free+waste,    22.50 KB ( <1%) overhead. 
       Both:     24.86 MB capacity,    23.68 MB ( 95%) used,     1.12 MB (  4%) free+waste,    69.81 KB ( <1%) overhead. 

Virtual space:
  Non-class space:       26.00 MB reserved,      22.25 MB ( 86%) committed 
      Class space:        1.00 GB reserved,       2.63 MB ( <1%) committed 
             Both:        1.03 GB reserved,      24.88 MB (  2%) committed 

Chunk freelists:
   Non-Class:  4.00 KB
       Class:  10.00 KB
        Both:  14.00 KB

MaxMetaspaceSize: 17179869184.00 GB
CompressedClassSpaceSize: 1.00 GB

CodeHeap 'non-profiled nmethods': size=120000Kb used=741Kb max_used=741Kb free=119258Kb
 bounds [0x000001b348c50000, 0x000001b348ec0000, 0x000001b350180000]
CodeHeap 'profiled nmethods': size=120000Kb used=5319Kb max_used=5319Kb free=114680Kb
 bounds [0x000001b341720000, 0x000001b341c60000, 0x000001b348c50000]
CodeHeap 'non-nmethods': size=5760Kb used=1153Kb max_used=1164Kb free=4606Kb
 bounds [0x000001b341180000, 0x000001b3413f0000, 0x000001b341720000]
 total_blobs=2895 nmethods=2404 adapters=404
 compilation: enabled
              stopped_count=0, restarted_count=0
 full_count=0

Compilation events (20 events):
Event: 22.978 Thread 0x000001b353c66800 2390   !   3       org.eclipse.core.internal.preferences.EclipsePreferences::getChild (91 bytes)
Event: 22.979 Thread 0x000001b353c66800 nmethod 2390 0x000001b341c46190 code [0x000001b341c463a0, 0x000001b341c46d28]
Event: 22.979 Thread 0x000001b353c66800 2391       3       org.eclipse.core.internal.preferences.PreferencesService::getDefault (20 bytes)
Event: 22.979 Thread 0x000001b353c66800 nmethod 2391 0x000001b341c46f10 code [0x000001b341c47100, 0x000001b341c47568]
Event: 22.979 Thread 0x000001b353c66800 2392       3       org.eclipse.core.internal.preferences.EclipsePreferences::absolutePath (104 bytes)
Event: 22.981 Thread 0x000001b353c66800 nmethod 2392 0x000001b341c47710 code [0x000001b341c47aa0, 0x000001b341c490b8]
Event: 22.981 Thread 0x000001b353c66800 2396       3       org.eclipse.core.internal.preferences.RootPreferences::getNode (162 bytes)
Event: 22.983 Thread 0x000001b352b7c800 nmethod 2393 0x000001b348d08590 code [0x000001b348d08740, 0x000001b348d08b38]
Event: 22.984 Thread 0x000001b353c66800 nmethod 2396 0x000001b341c49810 code [0x000001b341c49b80, 0x000001b341c4b088]
Event: 22.984 Thread 0x000001b353c66800 2394       3       org.eclipse.core.internal.preferences.PreferencesService::getRootNode (4 bytes)
Event: 22.984 Thread 0x000001b353c66800 nmethod 2394 0x000001b341c4b790 code [0x000001b341c4b940, 0x000001b341c4ba58]
Event: 22.984 Thread 0x000001b353c66800 2395       3       org.eclipse.core.internal.preferences.RootPreferences::node (7 bytes)
Event: 22.984 Thread 0x000001b353c66800 nmethod 2395 0x000001b341c4bb10 code [0x000001b341c4bcc0, 0x000001b341c4bde8]
Event: 22.984 Thread 0x000001b353c66800 2397  s    3       org.eclipse.core.internal.preferences.RootPreferences::getChild (58 bytes)
Event: 22.985 Thread 0x000001b353c66800 nmethod 2397 0x000001b341c4be90 code [0x000001b341c4c0e0, 0x000001b341c4cd18]
Event: 22.985 Thread 0x000001b353c66800 2398       3       org.eclipse.core.internal.preferences.DefaultPreferences::getLoadLevel (52 bytes)
Event: 22.986 Thread 0x000001b353c66800 nmethod 2398 0x000001b341c4d010 code [0x000001b341c4d220, 0x000001b341c4d818]
Event: 23.068 Thread 0x000001b353c66800 2399       3       java.util.ArrayDeque::contains (80 bytes)
Event: 23.069 Thread 0x000001b353c66800 nmethod 2399 0x000001b341c4da10 code [0x000001b341c4dc00, 0x000001b341c4e068]
Event: 23.069 Thread 0x000001b352b7c800 2400       4       java.io.DataInputStream::readInt (72 bytes)

GC Heap History (6 events):
Event: 12.980 GC heap before
{Heap before GC invocations=1 (full 0):
 PSYoungGen      total 29696K, used 25600K [0x00000000eab00000, 0x00000000ecc00000, 0x0000000100000000)
  eden space 25600K, 100% used [0x00000000eab00000,0x00000000ec400000,0x00000000ec400000)
  from space 4096K, 0% used [0x00000000ec800000,0x00000000ec800000,0x00000000ecc00000)
  to   space 4096K, 0% used [0x00000000ec400000,0x00000000ec400000,0x00000000ec800000)
 ParOldGen       total 68608K, used 0K [0x00000000c0000000, 0x00000000c4300000, 0x00000000eab00000)
  object space 68608K, 0% used [0x00000000c0000000,0x00000000c0000000,0x00000000c4300000)
 Metaspace       used 13517K, capacity 13823K, committed 13952K, reserved 1062912K
  class space    used 1241K, capacity 1331K, committed 1408K, reserved 1048576K
}
Event: 13.060 GC heap after
{Heap after GC invocations=1 (full 0):
 PSYoungGen      total 29696K, used 4084K [0x00000000eab00000, 0x00000000ecc00000, 0x0000000100000000)
  eden space 25600K, 0% used [0x00000000eab00000,0x00000000eab00000,0x00000000ec400000)
  from space 4096K, 99% used [0x00000000ec400000,0x00000000ec7fd338,0x00000000ec800000)
  to   space 4096K, 0% used [0x00000000ec800000,0x00000000ec800000,0x00000000ecc00000)
 ParOldGen       total 68608K, used 830K [0x00000000c0000000, 0x00000000c4300000, 0x00000000eab00000)
  object space 68608K, 1% used [0x00000000c0000000,0x00000000c00cf820,0x00000000c4300000)
 Metaspace       used 13517K, capacity 13823K, committed 13952K, reserved 1062912K
  class space    used 1241K, capacity 1331K, committed 1408K, reserved 1048576K
}
Event: 21.686 GC heap before
{Heap before GC invocations=2 (full 0):
 PSYoungGen      total 29696K, used 26636K [0x00000000eab00000, 0x00000000ecc00000, 0x0000000100000000)
  eden space 25600K, 88% used [0x00000000eab00000,0x00000000ec106068,0x00000000ec400000)
  from space 4096K, 99% used [0x00000000ec400000,0x00000000ec7fd338,0x00000000ec800000)
  to   space 4096K, 0% used [0x00000000ec800000,0x00000000ec800000,0x00000000ecc00000)
 ParOldGen       total 68608K, used 830K [0x00000000c0000000, 0x00000000c4300000, 0x00000000eab00000)
  object space 68608K, 1% used [0x00000000c0000000,0x00000000c00cf820,0x00000000c4300000)
 Metaspace       used 20331K, capacity 21195K, committed 21248K, reserved 1069056K
  class space    used 1905K, capacity 2277K, committed 2304K, reserved 1048576K
}
Event: 21.758 GC heap after
{Heap after GC invocations=2 (full 0):
 PSYoungGen      total 29696K, used 4072K [0x00000000eab00000, 0x00000000ecc00000, 0x0000000100000000)
  eden space 25600K, 0% used [0x00000000eab00000,0x00000000eab00000,0x00000000ec400000)
  from space 4096K, 99% used [0x00000000ec800000,0x00000000ecbfa360,0x00000000ecc00000)
  to   space 4096K, 0% used [0x00000000ec400000,0x00000000ec400000,0x00000000ec800000)
 ParOldGen       total 68608K, used 5575K [0x00000000c0000000, 0x00000000c4300000, 0x00000000eab00000)
  object space 68608K, 8% used [0x00000000c0000000,0x00000000c0571f58,0x00000000c4300000)
 Metaspace       used 20331K, capacity 21195K, committed 21248K, reserved 1069056K
  class space    used 1905K, capacity 2277K, committed 2304K, reserved 1048576K
}
Event: 21.758 GC heap before
{Heap before GC invocations=3 (full 1):
 PSYoungGen      total 29696K, used 4072K [0x00000000eab00000, 0x00000000ecc00000, 0x0000000100000000)
  eden space 25600K, 0% used [0x00000000eab00000,0x00000000eab00000,0x00000000ec400000)
  from space 4096K, 99% used [0x00000000ec800000,0x00000000ecbfa360,0x00000000ecc00000)
  to   space 4096K, 0% used [0x00000000ec400000,0x00000000ec400000,0x00000000ec800000)
 ParOldGen       total 68608K, used 5575K [0x00000000c0000000, 0x00000000c4300000, 0x00000000eab00000)
  object space 68608K, 8% used [0x00000000c0000000,0x00000000c0571f58,0x00000000c4300000)
 Metaspace       used 20331K, capacity 21195K, committed 21248K, reserved 1069056K
  class space    used 1905K, capacity 2277K, committed 2304K, reserved 1048576K
}
Event: 21.926 GC heap after
{Heap after GC invocations=3 (full 1):
 PSYoungGen      total 29696K, used 0K [0x00000000eab00000, 0x00000000ecc00000, 0x0000000100000000)
  eden space 25600K, 0% used [0x00000000eab00000,0x00000000eab00000,0x00000000ec400000)
  from space 4096K, 0% used [0x00000000ec800000,0x00000000ec800000,0x00000000ecc00000)
  to   space 4096K, 0% used [0x00000000ec400000,0x00000000ec400000,0x00000000ec800000)
 ParOldGen       total 68608K, used 9475K [0x00000000c0000000, 0x00000000c4300000, 0x00000000eab00000)
  object space 68608K, 13% used [0x00000000c0000000,0x00000000c0940f70,0x00000000c4300000)
 Metaspace       used 20331K, capacity 21195K, committed 21248K, reserved 1069056K
  class space    used 1905K, capacity 2277K, committed 2304K, reserved 1048576K
}

Deoptimization events (20 events):
Event: 21.680 Thread 0x000001b355142800 Uncommon trap: trap_request=0xffffffc6 fr.pc=0x000001b348cf8504 relative=0x0000000000000424
Event: 21.680 Thread 0x000001b355142800 Uncommon trap: reason=bimorphic_or_optimized_type_check action=maybe_recompile pc=0x000001b348cf8504 method=java.io.DataInputStream.readByte()B @ 4 c2
Event: 21.680 Thread 0x000001b355142800 DEOPT PACKING pc=0x000001b348cf8504 sp=0x00000043d9cfa6a0
Event: 21.680 Thread 0x000001b355142800 DEOPT UNPACKING pc=0x000001b3411a5e2f sp=0x00000043d9cfa668 mode 2
Event: 21.680 Thread 0x000001b355142800 Uncommon trap: trap_request=0xffffffc6 fr.pc=0x000001b348cf8504 relative=0x0000000000000424
Event: 21.680 Thread 0x000001b355142800 Uncommon trap: reason=bimorphic_or_optimized_type_check action=maybe_recompile pc=0x000001b348cf8504 method=java.io.DataInputStream.readByte()B @ 4 c2
Event: 21.680 Thread 0x000001b355142800 DEOPT PACKING pc=0x000001b348cf8504 sp=0x00000043d9cfa6a0
Event: 21.680 Thread 0x000001b355142800 DEOPT UNPACKING pc=0x000001b3411a5e2f sp=0x00000043d9cfa668 mode 2
Event: 21.680 Thread 0x000001b355142800 Uncommon trap: trap_request=0xffffffde fr.pc=0x000001b348c9a52c relative=0x0000000000000cac
Event: 21.680 Thread 0x000001b355142800 Uncommon trap: reason=class_check action=maybe_recompile pc=0x000001b348c9a52c method=java.io.DataInputStream.readFully([BII)V @ 34 c2
Event: 21.680 Thread 0x000001b355142800 DEOPT PACKING pc=0x000001b348c9a52c sp=0x00000043d9cfa380
Event: 21.680 Thread 0x000001b355142800 DEOPT UNPACKING pc=0x000001b3411a5e2f sp=0x00000043d9cfa2d8 mode 2
Event: 22.006 Thread 0x000001b355142800 Uncommon trap: trap_request=0xffffffde fr.pc=0x000001b348ca5c20 relative=0x0000000000000600
Event: 22.006 Thread 0x000001b355142800 Uncommon trap: reason=class_check action=maybe_recompile pc=0x000001b348ca5c20 method=java.util.HashMap.putVal(ILjava/lang/Object;Ljava/lang/Object;ZZ)Ljava/lang/Object; @ 253 c2
Event: 22.006 Thread 0x000001b355142800 DEOPT PACKING pc=0x000001b348ca5c20 sp=0x00000043d9cf8c50
Event: 22.006 Thread 0x000001b355142800 DEOPT UNPACKING pc=0x000001b3411a5e2f sp=0x00000043d9cf8ad8 mode 2
Event: 22.325 Thread 0x000001b355142800 Uncommon trap: trap_request=0xffffff4d fr.pc=0x000001b348ccd7a0 relative=0x0000000000000480
Event: 22.325 Thread 0x000001b355142800 Uncommon trap: reason=unstable_if action=reinterpret pc=0x000001b348ccd7a0 method=jdk.internal.org.objectweb.asm.Type.getArgumentsAndReturnSizes(Ljava/lang/String;)I @ 47 c2
Event: 22.325 Thread 0x000001b355142800 DEOPT PACKING pc=0x000001b348ccd7a0 sp=0x00000043d9cf9490
Event: 22.325 Thread 0x000001b355142800 DEOPT UNPACKING pc=0x000001b3411a5e2f sp=0x00000043d9cf9420 mode 2

Classes redefined (0 events):
No events

Internal exceptions (20 events):
Event: 6.189 Thread 0x000001b338a74000 Exception <a 'java/lang/NoSuchMethodError'{0x00000000eb956238}: 'java.lang.Object java.lang.invoke.DirectMethodHandle$Holder.invokeStaticInit(java.lang.Object, java.lang.Object, int, int, int, int)'> (0x00000000eb956238) thrown at [./src/hotspot/share/interpreter/linkResolver.cpp, line 773]
Event: 6.311 Thread 0x000001b338a74000 Exception <a 'java/lang/NoSuchMethodError'{0x00000000eba58c40}: 'void java.lang.invoke.DirectMethodHandle$Holder.invokeInterface(java.lang.Object, java.lang.Object)'> (0x00000000eba58c40) thrown at [./src/hotspot/share/interpreter/linkResolver.cpp, line 773]
Event: 6.364 Thread 0x000001b338a74000 Exception <a 'java/lang/NoSuchMethodError'{0x00000000eba780e8}: 'java.lang.Object java.lang.invoke.DirectMethodHandle$Holder.invokeStatic(java.lang.Object, int, java.lang.Object, java.lang.Object)'> (0x00000000eba780e8) thrown at [./src/hotspot/share/interpreter/linkResolver.cpp, line 773]
Event: 6.395 Thread 0x000001b338a74000 Exception <a 'java/lang/NoSuchMethodError'{0x00000000eba7f4b0}: 'java.lang.Object java.lang.invoke.DirectMethodHandle$Holder.invokeSpecial(java.lang.Object, java.lang.Object, int, java.lang.Object, java.lang.Object)'> (0x00000000eba7f4b0) thrown at [./src/hotspot/share/interpreter/linkResolver.cpp, line 773]
Event: 6.441 Thread 0x000001b338a74000 Exception <a 'java/lang/NoSuchMethodError'{0x00000000ebaa5c50}: 'int java.lang.invoke.DirectMethodHandle$Holder.invokeSpecialIFC(java.lang.Object, java.lang.Object, int)'> (0x00000000ebaa5c50) thrown at [./src/hotspot/share/interpreter/linkResolver.cpp, line 773]
Event: 7.018 Thread 0x000001b338a74000 Exception <a 'java/lang/NoSuchMethodError'{0x00000000ebe90f50}: 'void java.lang.invoke.DirectMethodHandle$Holder.invokeSpecial(java.lang.Object, java.lang.Object, java.lang.Object, java.lang.Object)'> (0x00000000ebe90f50) thrown at [./src/hotspot/share/interpreter/linkResolver.cpp, line 773]
Event: 7.190 Thread 0x000001b338a74000 Exception <a 'java/lang/NoSuchMethodError'{0x00000000ec0729c8}: 'java.lang.Object java.lang.invoke.DirectMethodHandle$Holder.invokeStatic(java.lang.Object, int, java.lang.Object)'> (0x00000000ec0729c8) thrown at [./src/hotspot/share/interpreter/linkResolver.cpp, line 773]
Event: 7.199 Thread 0x000001b338a74000 Exception <a 'java/lang/NoSuchMethodError'{0x00000000ec08e4c8}: 'java.lang.Object java.lang.invoke.Invokers$Holder.linkToTargetMethod(java.lang.Object, java.lang.Object, java.lang.Object, int, java.lang.Object, java.lang.Object)'> (0x00000000ec08e4c8) thrown at [./src/hotspot/share/interpreter/linkResolver.cpp, line 773]
Event: 13.065 Thread 0x000001b354e6e800 Implicit null exception at 0x000001b348c8470b to 0x000001b348c847d0
Event: 13.070 Thread 0x000001b338a74000 Exception <a 'java/lang/UnsatisfiedLinkError'{0x00000000eab988f0}: 'void org.eclipse.equinox.launcher.JNIBridge._update_splash()'> (0x00000000eab988f0) thrown at [./src/hotspot/share/prims/nativeLookup.cpp, line 526]
Event: 13.195 Thread 0x000001b355142800 Exception <a 'java/lang/NoSuchMethodError'{0x00000000eac0d490}: 'java.lang.Object java.lang.invoke.Invokers$Holder.linkToTargetMethod(java.lang.Object, java.lang.Object, java.lang.Object, int, java.lang.Object)'> (0x00000000eac0d490) thrown at [./src/hotspot/share/interpreter/linkResolver.cpp, line 773]
Event: 13.555 Thread 0x000001b355142800 Exception <a 'java/lang/NoSuchMethodError'{0x00000000eae82010}: 'java.lang.Object java.lang.invoke.DirectMethodHandle$Holder.invokeStatic(java.lang.Object, java.lang.Object, java.lang.Object, java.lang.Object, java.lang.Object, java.lang.Object, java.lang.Object, java.lang.Object, java.lang.Object, java.lang.Object, java.lang.Object, java.lang.Object, java.lang.Object, java.lang.Object, java.lang.Object)'> (0x00000000eae82010) thrown at [./src/hotspot/share/interpreter/linkResolver.cpp, line 773]
Event: 13.559 Thread 0x000001b355142800 Exception <a 'java/lang/NoSuchMethodError'{0x00000000eae90018}: 'java.lang.Object java.lang.invoke.DirectMethodHandle$Holder.invokeStatic(java.lang.Object, java.lang.Object, java.lang.Object, java.lang.Object, java.lang.Object, java.lang.Object, java.lang.Object, java.lang.Object, java.lang.Object, java.lang.Object, java.lang.Object, java.lang.Object, java.lang.Object, java.lang.Object, java.lang.Object, java.lang.Object)'> (0x00000000eae90018) thrown at [./src/hotspot/share/interpreter/linkResolver.cpp, l
Event: 13.563 Thread 0x000001b355142800 Exception <a 'java/lang/NoSuchMethodError'{0x00000000eae9e190}: 'java.lang.Object java.lang.invoke.DirectMethodHandle$Holder.invokeSpecial(java.lang.Object, java.lang.Object, int, int, java.lang.Object, java.lang.Object, java.lang.Object)'> (0x00000000eae9e190) thrown at [./src/hotspot/share/interpreter/linkResolver.cpp, line 773]
Event: 13.564 Thread 0x000001b355142800 Exception <a 'java/lang/NoSuchMethodError'{0x00000000eaea1720}: 'java.lang.Object java.lang.invoke.DelegatingMethodHandle$Holder.reinvoke_L(java.lang.Object, int, int, java.lang.Object, java.lang.Object, java.lang.Object)'> (0x00000000eaea1720) thrown at [./src/hotspot/share/interpreter/linkResolver.cpp, line 773]
Event: 20.244 Thread 0x000001b355142800 Exception <a 'java/io/FileNotFoundException'{0x00000000ebb04910}> (0x00000000ebb04910) thrown at [./src/hotspot/share/prims/jni.cpp, line 615]
Event: 21.538 Thread 0x000001b355142800 Exception <a 'java/io/FileNotFoundException'{0x00000000ebfc0b70}> (0x00000000ebfc0b70) thrown at [./src/hotspot/share/prims/jni.cpp, line 615]
Event: 22.264 Thread 0x000001b355142800 Exception <a 'java/lang/NoSuchMethodError'{0x00000000ead2b388}: 'int java.lang.invoke.DirectMethodHandle$Holder.invokeStaticInit(java.lang.Object, java.lang.Object, java.lang.Object)'> (0x00000000ead2b388) thrown at [./src/hotspot/share/interpreter/linkResolver.cpp, line 773]
Event: 22.274 Thread 0x000001b355142800 Exception <a 'java/lang/IncompatibleClassChangeError'{0x00000000ead60ec8}: Found class java.lang.Object, but interface was expected> (0x00000000ead60ec8) thrown at [./src/hotspot/share/interpreter/linkResolver.cpp, line 839]
Event: 22.409 Thread 0x000001b355142800 Exception <a 'sun/nio/fs/WindowsException'{0x00000000eadd9918}> (0x00000000eadd9918) thrown at [./src/hotspot/share/prims/jni.cpp, line 615]

Events (20 events):
Event: 22.682 loading class org/eclipse/jdt/internal/core/search/indexing/IndexNamesRegistry
Event: 22.682 loading class org/eclipse/jdt/internal/core/search/indexing/IndexNamesRegistry done
Event: 22.685 Executing VM operation: RevokeBias
Event: 22.685 Executing VM operation: RevokeBias done
Event: 22.687 Executing VM operation: RevokeBias
Event: 22.687 Executing VM operation: RevokeBias done
Event: 22.719 Executing VM operation: RevokeBias
Event: 22.719 Executing VM operation: RevokeBias done
Event: 22.719 Executing VM operation: RevokeBias
Event: 22.719 Executing VM operation: RevokeBias done
Event: 22.803 Executing VM operation: CollectForMetadataAllocation
Event: 22.803 Executing VM operation: CollectForMetadataAllocation done
Event: 22.812 Executing VM operation: RevokeBias
Event: 22.829 Executing VM operation: RevokeBias done
Event: 22.856 loading class org/eclipse/jdt/internal/compiler/lookup/ReferenceBinding
Event: 22.856 loading class org/eclipse/jdt/internal/compiler/lookup/ReferenceBinding done
Event: 22.857 loading class org/eclipse/jdt/internal/compiler/lookup/ReferenceBinding
Event: 22.857 loading class org/eclipse/jdt/internal/compiler/lookup/ReferenceBinding done
Event: 23.069 Executing VM operation: RevokeBias
Event: 23.069 Executing VM operation: RevokeBias done


Dynamic libraries:
0x00007ff7f0920000 - 0x00007ff7f092d000 	C:\Users\benja\AppData\Local\Programs\AdoptOpenJDK\jdk-11.0.11.9-hotspot\bin\java.exe
0x00007ffb52bd0000 - 0x00007ffb52dc5000 	C:\WINDOWS\SYSTEM32\ntdll.dll
0x00007ffb50ec0000 - 0x00007ffb50f7e000 	C:\WINDOWS\System32\KERNEL32.DLL
0x00007ffb50630000 - 0x00007ffb508f9000 	C:\WINDOWS\System32\KERNELBASE.dll
0x00007ffb50900000 - 0x00007ffb50a00000 	C:\WINDOWS\System32\ucrtbase.dll
0x00007ffb287f0000 - 0x00007ffb28807000 	C:\Users\benja\AppData\Local\Programs\AdoptOpenJDK\jdk-11.0.11.9-hotspot\bin\jli.dll
0x00007ffb51dc0000 - 0x00007ffb51f61000 	C:\WINDOWS\System32\USER32.dll
0x00007ffb50bf0000 - 0x00007ffb50c12000 	C:\WINDOWS\System32\win32u.dll
0x00007ffb51330000 - 0x00007ffb5135b000 	C:\WINDOWS\System32\GDI32.dll
0x00007ffb50520000 - 0x00007ffb5062b000 	C:\WINDOWS\System32\gdi32full.dll
0x00007ffb50350000 - 0x00007ffb503ed000 	C:\WINDOWS\System32\msvcp_win.dll
0x00007ffb1e7d0000 - 0x00007ffb1e7e5000 	C:\Users\benja\AppData\Local\Programs\AdoptOpenJDK\jdk-11.0.11.9-hotspot\bin\VCRUNTIME140.dll
0x00007ffb2d5c0000 - 0x00007ffb2d85a000 	C:\WINDOWS\WinSxS\amd64_microsoft.windows.common-controls_6595b64144ccf1df_6.0.19041.1110_none_60b5254171f9507e\COMCTL32.dll
0x00007ffb50f80000 - 0x00007ffb5101e000 	C:\WINDOWS\System32\msvcrt.dll
0x00007ffb512f0000 - 0x00007ffb51320000 	C:\WINDOWS\System32\IMM32.DLL
0x00007ffaef4c0000 - 0x00007ffaef55b000 	C:\Users\benja\AppData\Local\Programs\AdoptOpenJDK\jdk-11.0.11.9-hotspot\bin\msvcp140.dll
0x00007ffaee7b0000 - 0x00007ffaef2fb000 	C:\Users\benja\AppData\Local\Programs\AdoptOpenJDK\jdk-11.0.11.9-hotspot\bin\server\jvm.dll
0x00007ffb51230000 - 0x00007ffb512dc000 	C:\WINDOWS\System32\ADVAPI32.dll
0x00007ffb50c20000 - 0x00007ffb50cbb000 	C:\WINDOWS\System32\sechost.dll
0x00007ffb51b80000 - 0x00007ffb51caa000 	C:\WINDOWS\System32\RPCRT4.dll
0x00007ffb51320000 - 0x00007ffb51328000 	C:\WINDOWS\System32\PSAPI.DLL
0x00007ffb3d280000 - 0x00007ffb3d289000 	C:\WINDOWS\SYSTEM32\WSOCK32.dll
0x00007ffb523e0000 - 0x00007ffb5244b000 	C:\WINDOWS\System32\WS2_32.dll
0x00007ffb33ee0000 - 0x00007ffb33f07000 	C:\WINDOWS\SYSTEM32\WINMM.dll
0x00007ffb48630000 - 0x00007ffb4863a000 	C:\WINDOWS\SYSTEM32\VERSION.dll
0x00007ffb4eb70000 - 0x00007ffb4eb82000 	C:\WINDOWS\SYSTEM32\kernel.appcore.dll
0x00007ffb4b350000 - 0x00007ffb4b360000 	C:\Users\benja\AppData\Local\Programs\AdoptOpenJDK\jdk-11.0.11.9-hotspot\bin\verify.dll
0x00007ffb4e800000 - 0x00007ffb4e9e4000 	C:\WINDOWS\SYSTEM32\DBGHELP.DLL
0x00007ffb2f3c0000 - 0x00007ffb2f3ec000 	C:\WINDOWS\SYSTEM32\dbgcore.DLL
0x00007ffb50b60000 - 0x00007ffb50be3000 	C:\WINDOWS\System32\bcryptPrimitives.dll
0x00007ffb1c620000 - 0x00007ffb1c648000 	C:\Users\benja\AppData\Local\Programs\AdoptOpenJDK\jdk-11.0.11.9-hotspot\bin\java.dll
0x00007ffb4a7e0000 - 0x00007ffb4a7ea000 	C:\Users\benja\AppData\Local\Programs\AdoptOpenJDK\jdk-11.0.11.9-hotspot\bin\jimage.dll
0x00007ffb1e0a0000 - 0x00007ffb1e0b7000 	C:\Users\benja\AppData\Local\Programs\AdoptOpenJDK\jdk-11.0.11.9-hotspot\bin\zip.dll
0x00007ffb52450000 - 0x00007ffb52b8f000 	C:\WINDOWS\System32\SHELL32.dll
0x00007ffb4de30000 - 0x00007ffb4e5c0000 	C:\WINDOWS\SYSTEM32\windows.storage.dll
0x00007ffb52020000 - 0x00007ffb52375000 	C:\WINDOWS\System32\combase.dll
0x00007ffb4fd40000 - 0x00007ffb4fd6c000 	C:\WINDOWS\SYSTEM32\Wldp.dll
0x00007ffb51f70000 - 0x00007ffb5201d000 	C:\WINDOWS\System32\SHCORE.dll
0x00007ffb51970000 - 0x00007ffb519c5000 	C:\WINDOWS\System32\shlwapi.dll
0x00007ffb50230000 - 0x00007ffb5024f000 	C:\WINDOWS\SYSTEM32\profapi.dll
0x00007ffb1e030000 - 0x00007ffb1e049000 	C:\Users\benja\AppData\Local\Programs\AdoptOpenJDK\jdk-11.0.11.9-hotspot\bin\net.dll
0x00007ffb3cb70000 - 0x00007ffb3cc78000 	C:\WINDOWS\SYSTEM32\WINHTTP.dll
0x00007ffb4faa0000 - 0x00007ffb4fb0a000 	C:\WINDOWS\system32\mswsock.dll
0x00007ffb1de10000 - 0x00007ffb1de22000 	C:\Users\benja\AppData\Local\Programs\AdoptOpenJDK\jdk-11.0.11.9-hotspot\bin\nio.dll
0x00007ffb482c0000 - 0x00007ffb482ce000 	C:\Users\benja\AppData\Local\Programs\AdoptOpenJDK\jdk-11.0.11.9-hotspot\bin\sunmscapi.dll
0x00007ffb50a00000 - 0x00007ffb50b56000 	C:\WINDOWS\System32\CRYPT32.dll
0x00007ffb4fdb0000 - 0x00007ffb4fdd7000 	C:\WINDOWS\SYSTEM32\ncrypt.dll
0x00007ffb4fd70000 - 0x00007ffb4fdab000 	C:\WINDOWS\SYSTEM32\NTASN1.dll
0x00007ffb19430000 - 0x00007ffb19455000 	C:\Users\benja\AppData\Local\Programs\AdoptOpenJDK\jdk-11.0.11.9-hotspot\bin\sunec.dll
0x00007ffb4fc90000 - 0x00007ffb4fca8000 	C:\WINDOWS\SYSTEM32\CRYPTSP.dll
0x00007ffb4f3b0000 - 0x00007ffb4f3e4000 	C:\WINDOWS\system32\rsaenh.dll
0x00007ffb503f0000 - 0x00007ffb50417000 	C:\WINDOWS\System32\bcrypt.dll
0x00007ffb501f0000 - 0x00007ffb5021e000 	C:\WINDOWS\SYSTEM32\USERENV.dll
0x00007ffb4fcb0000 - 0x00007ffb4fcbc000 	C:\WINDOWS\SYSTEM32\CRYPTBASE.dll
0x00007ffb4f740000 - 0x00007ffb4f77b000 	C:\WINDOWS\SYSTEM32\IPHLPAPI.DLL
0x00007ffb512e0000 - 0x00007ffb512e8000 	C:\WINDOWS\System32\NSI.dll
0x00007ffb47950000 - 0x00007ffb47967000 	C:\WINDOWS\SYSTEM32\dhcpcsvc6.DLL
0x00007ffb47e20000 - 0x00007ffb47e3d000 	C:\WINDOWS\SYSTEM32\dhcpcsvc.DLL
0x00007ffb4f780000 - 0x00007ffb4f84c000 	C:\WINDOWS\SYSTEM32\DNSAPI.dll
0x00007ffaf3260000 - 0x00007ffaf329e000 	C:\Users\benja\AppData\Roaming\Code\User\globalStorage\redhat.java\1.0.0\config_win\org.eclipse.equinox.launcher\org.eclipse.equinox.launcher.win32.win32.x86_64_1.2.400.v20210928-1041\eclipse_11600.dll
0x00007ffb50cc0000 - 0x00007ffb50dea000 	C:\WINDOWS\System32\ole32.dll

dbghelp: loaded successfully - version: 4.0.5 - missing functions: none
symbol engine: initialized successfully - sym options: 0x614 - pdb path: .;C:\Users\benja\AppData\Local\Programs\AdoptOpenJDK\jdk-11.0.11.9-hotspot\bin;C:\WINDOWS\SYSTEM32;C:\WINDOWS\WinSxS\amd64_microsoft.windows.common-controls_6595b64144ccf1df_6.0.19041.1110_none_60b5254171f9507e;C:\Users\benja\AppData\Local\Programs\AdoptOpenJDK\jdk-11.0.11.9-hotspot\bin\server;C:\Users\benja\AppData\Roaming\Code\User\globalStorage\redhat.java\1.0.0\config_win\org.eclipse.equinox.launcher\org.eclipse.equinox.launcher.win32.win32.x86_64_1.2.400.v20210928-1041

VM Arguments:
jvm_args: --add-modules=ALL-SYSTEM --add-opens=java.base/java.util=ALL-UNNAMED --add-opens=java.base/java.lang=ALL-UNNAMED -Declipse.application=org.eclipse.jdt.ls.core.id1 -Dosgi.bundles.defaultStartLevel=4 -Declipse.product=org.eclipse.jdt.ls.core.product -Dfile.encoding=utf8 -DwatchParentProcess=false -XX:+UseParallelGC -XX:GCTimeRatio=4 -XX:AdaptiveSizePolicyWeight=90 -Dsun.zip.disableMemoryMapping=true -Xmx1G -Xms100m -Xverify:none 
java_command: c:\Users\benja\.vscode\extensions\redhat.java-1.0.0\server\plugins\org.eclipse.equinox.launcher_1.6.400.v20210924-0641.jar -configuration c:\Users\benja\AppData\Roaming\Code\User\globalStorage\redhat.java\1.0.0\config_win -data c:\Users\benja\AppData\Roaming\Code\User\workspaceStorage\a922f280596f08dd4bf80c3017f3ddde\redhat.java\jdt_ws
java_class_path (initial): c:\Users\benja\.vscode\extensions\redhat.java-1.0.0\server\plugins\org.eclipse.equinox.launcher_1.6.400.v20210924-0641.jar
Launcher Type: SUN_STANDARD

[Global flags]
    uintx AdaptiveSizePolicyWeight                 = 90                                        {product} {command line}
     bool BytecodeVerificationLocal                = false                                     {product} {command line}
     bool BytecodeVerificationRemote               = false                                     {product} {command line}
     intx CICompilerCount                          = 4                                         {product} {ergonomic}
    uintx GCTimeRatio                              = 4                                         {product} {command line}
   size_t InitialHeapSize                          = 104857600                                 {product} {command line}
   size_t MaxHeapSize                              = 1073741824                                {product} {command line}
   size_t MaxNewSize                               = 357564416                                 {product} {ergonomic}
   size_t MinHeapDeltaBytes                        = 524288                                    {product} {ergonomic}
   size_t NewSize                                  = 34603008                                  {product} {ergonomic}
    uintx NonNMethodCodeHeapSize                   = 5836300                                {pd product} {ergonomic}
    uintx NonProfiledCodeHeapSize                  = 122910970                              {pd product} {ergonomic}
   size_t OldSize                                  = 70254592                                  {product} {ergonomic}
    uintx ProfiledCodeHeapSize                     = 122910970                              {pd product} {ergonomic}
    uintx ReservedCodeCacheSize                    = 251658240                              {pd product} {ergonomic}
     bool SegmentedCodeCache                       = true                                      {product} {ergonomic}
     bool UseCompressedClassPointers               = true                                 {lp64_product} {ergonomic}
     bool UseCompressedOops                        = true                                 {lp64_product} {ergonomic}
     bool UseLargePagesIndividualAllocation        = false                                  {pd product} {ergonomic}
     bool UseParallelGC                            = true                                      {product} {command line}

Logging:
Log output configuration:
 #0: stdout all=warning uptime,level,tags
 #1: stderr all=off uptime,level,tags

Environment Variables:
JAVA_HOME=C:\Users\benja\AppData\Local\Programs\AdoptOpenJDK\jdk-11.0.11.9-hotspot\
PATH=C:\Users\benja\bin;C:\Program Files\Git\mingw64\bin;C:\Program Files\Git\usr\local\bin;C:\Program Files\Git\usr\bin;C:\Program Files\Git\usr\bin;C:\Program Files\Git\mingw64\bin;C:\Program Files\Git\usr\bin;C:\Users\benja\bin;C:\Python39\Scripts;C:\Python39;C:\SIMULIA\Commands;C:\Program Files\Microsoft MPI\Bin;C:\Program Files (x86)\Intel\Intel(R) Management Engine Components\iCLS;C:\Program Files\Intel\Intel(R) Management Engine Components\iCLS;C:\Program Files (x86)\Common Files\Oracle\Java\javapath;C:\Windows\system32;C:\Windows;C:\Windows\System32\Wbem;C:\Windows\System32\WindowsPowerShell\v1.0;C:\Program Files (x86)\NVIDIA Corporation\PhysX\Common;C:\Program Files\MATLAB\R2017a\bin;C:\WINDOWS\system32;C:\WINDOWS;C:\WINDOWS\System32\Wbem;C:\WINDOWS\System32\WindowsPowerShell\v1.0;C:\WINDOWS\System32\OpenSSH;C:\Program Files (x86)\Wolfram Research\WolframScript;C:\Program Files (x86)\Intel\Intel(R) Management Engine Components\DAL;C:\Program Files\Intel\Intel(R) Management Engine Components\DAL;C:\Program Files (x86)\Intel\Intel(R) Management Engine Components\IPT;C:\Program Files\Intel\Intel(R) Management Engine Components\IPT;C:\Program Files\Microsoft SQL Server\Client SDK\ODBC\110\Tools\Binn;C:\Program Files (x86)\Microsoft SQL Server\120\Tools\Binn;C:\Program Files\Microsoft SQL Server\120\Tools\Binn;C:\Program Files\Microsoft SQL Server\120\DTS\Binn;C:\Program Files (x86)\Windows Kits\8.1\Windows Performance Toolkit;C:\WINDOWS\system32;C:\WINDOWS;C:\WINDOWS\System32\Wbem;C:\WINDOWS\System32\WindowsPowerShell\v1.0;C:\WINDOWS\System32\OpenSSH;C:\MinGW\bin;C:\Program Files\Microchip\xc32\v2.50\bin;C:\Users\benja\anaconda3;C:\Users\benja\anaconda3\Scripts;C:\Users\benja\anaconda3\Library\bin;C:\Program Files\Git\cmd;C:\Program Files\PuTTY;C:\Program Files\nodejs;C:\ProgramData\chocolatey\bin;C:\Program Files\NVIDIA Corporation\NVIDIA NvDLISR;C:\Users\benja\AppData\Local\Programs\PythonCodingPack\Scripts;C:\Users\benja\AppData\Local\Programs\PythonCodingPack;
USERNAME=benja
SHELL=C:\Program Files\Git\usr\bin\bash.exe
DISPLAY=needs-to-be-defined
LC_CTYPE=en_US.UTF-8
OS=Windows_NT
PROCESSOR_IDENTIFIER=Intel64 Family 6 Model 158 Stepping 9, GenuineIntel



---------------  S Y S T E M  ---------------

OS: Windows 10 , 64 bit Build 19041 (10.0.19041.1202)
OS uptime: 2 days 22:42 hours

CPU:total 8 (initial active 8) (4 cores per cpu, 2 threads per core) family 6 model 158 stepping 9 microcode 0xb4, cmov, cx8, fxsr, mmx, sse, sse2, sse3, ssse3, sse4.1, sse4.2, popcnt, avx, avx2, aes, clmul, erms, 3dnowpref, lzcnt, ht, tsc, tscinvbit, bmi1, bmi2, adx, fma

Memory: 4k page, system-wide physical 8050M (406M free)
TotalPageFile size 17151M (AvailPageFile size 63M)
current process WorkingSet (physical memory assigned to process): 109M, peak: 109M
current process commit charge ("private bytes"): 221M, peak: 221M

vm_info: OpenJDK 64-Bit Server VM (11.0.11+9) for windows-amd64 JRE (11.0.11+9), built on Apr 20 2021 21:22:09 by "" with MS VC++ 15.9 (VS2017)

END.
